npm verb cli C:\Program Files\nodejs\node.exe C:\Program Files\nodejs\node_modules\npm\bin\npm-cli.js
npm info using npm@8.15.0
npm info using node@v16.17.0
npm timing npm:load:whichnode Completed in 0ms
npm timing config:load:defaults Completed in 2ms
npm timing config:load:file:C:\Program Files\nodejs\node_modules\npm\npmrc Completed in 2ms
npm timing config:load:builtin Completed in 3ms
npm timing config:load:cli Completed in 3ms
npm timing config:load:env Completed in 2ms
npm timing config:load:file:C:\Users\AnitaTwumasi-Ankrah\Desktop\CypressEx\tmpBstackPackages\.npmrc Completed in 0ms
npm timing config:load:project Completed in 6ms
npm timing config:load:file:C:\Users\AnitaTwumasi-Ankrah\.npmrc Completed in 0ms
npm timing config:load:user Completed in 1ms
npm timing config:load:file:C:\Users\AnitaTwumasi-Ankrah\AppData\Roaming\npm\etc\npmrc Completed in 0ms
npm timing config:load:global Completed in 0ms
npm timing config:load:validate Completed in 0ms
npm timing config:load:credentials Completed in 1ms
npm timing config:load:setEnvs Completed in 1ms
npm timing config:load Completed in 19ms
npm timing npm:load:configload Completed in 19ms
npm timing npm:load:mkdirpcache Completed in 1ms
npm timing npm:load:mkdirplogs Completed in 0ms
npm verb title npm install
npm verb argv "install" "--legacy-peer-deps" "--loglevel" "verbose"
npm timing npm:load:setTitle Completed in 2ms
npm timing config:load:flatten Completed in 2ms
npm timing npm:load:display Completed in 6ms
npm verb logfile logs-max:10 dir:C:\Users\AnitaTwumasi-Ankrah\AppData\Local\npm-cache\_logs
npm verb logfile C:\Users\AnitaTwumasi-Ankrah\AppData\Local\npm-cache\_logs\2023-03-30T16_27_16_491Z-debug-0.log
npm timing npm:load:logFile Completed in 18ms
npm timing npm:load:timers Completed in 0ms
npm timing npm:load:configScope Completed in 0ms
npm timing npm:load Completed in 48ms
npm timing arborist:ctor Completed in 0ms
npm timing arborist:ctor Completed in 0ms
npm timing idealTree:init Completed in 12ms
npm timing idealTree:userRequests Completed in 1ms
npm http fetch GET 200 https://registry.npmjs.org/cypress 1688ms (cache updated)
npm http fetch GET 200 https://registry.npmjs.org/arch 231ms (cache revalidated)
npm http fetch GET 200 https://registry.npmjs.org/extract-zip 374ms (cache updated)
npm http fetch GET 200 https://registry.npmjs.org/@types%2fsinonjs__fake-timers 463ms (cache updated)
npm http fetch GET 200 https://registry.npmjs.org/buffer 477ms (cache revalidated)
npm http fetch GET 200 https://registry.npmjs.org/commander 480ms (cache revalidated)
npm http fetch GET 200 https://registry.npmjs.org/@cypress%2fxvfb 490ms (cache revalidated)
npm http fetch GET 200 https://registry.npmjs.org/bluebird 494ms (cache revalidated)
npm http fetch GET 200 https://registry.npmjs.org/cachedir 504ms (cache revalidated)
npm http fetch GET 200 https://registry.npmjs.org/blob-util 511ms (cache revalidated)
npm http fetch GET 200 https://registry.npmjs.org/check-more-types 519ms (cache revalidated)
npm http fetch GET 200 https://registry.npmjs.org/execa 533ms (cache updated)
npm http fetch GET 200 https://registry.npmjs.org/@types%2fsizzle 541ms (cache updated)
npm http fetch GET 200 https://registry.npmjs.org/cli-cursor 539ms (cache revalidated)
npm http fetch GET 200 https://registry.npmjs.org/@cypress%2frequest 545ms (cache revalidated)
npm http fetch GET 200 https://registry.npmjs.org/cli-table3 571ms (cache revalidated)
npm http fetch GET 200 https://registry.npmjs.org/eventemitter2 575ms (cache revalidated)
npm http fetch GET 200 https://registry.npmjs.org/common-tags 593ms (cache revalidated)
npm http fetch GET 200 https://registry.npmjs.org/figures 603ms (cache revalidated)
npm http fetch GET 200 https://registry.npmjs.org/enquirer 608ms (cache revalidated)
npm http fetch GET 200 https://registry.npmjs.org/debug 632ms (cache revalidated)
npm http fetch GET 200 https://registry.npmjs.org/chalk 646ms (cache revalidated)
npm http fetch GET 200 https://registry.npmjs.org/is-installed-globally 646ms (cache revalidated)
npm http fetch GET 200 https://registry.npmjs.org/is-ci 658ms (cache revalidated)
npm http fetch GET 200 https://registry.npmjs.org/fs-extra 673ms (cache revalidated)
npm http fetch GET 200 https://registry.npmjs.org/getos 684ms (cache revalidated)
npm http fetch GET 200 https://registry.npmjs.org/log-symbols 682ms (cache revalidated)
npm http fetch GET 200 https://registry.npmjs.org/lazy-ass 684ms (cache revalidated)
npm http fetch GET 200 https://registry.npmjs.org/lodash 696ms (cache revalidated)
npm http fetch GET 200 https://registry.npmjs.org/executable 722ms (cache revalidated)
npm http fetch GET 200 https://registry.npmjs.org/pretty-bytes 728ms (cache revalidated)
npm http fetch GET 200 https://registry.npmjs.org/minimist 736ms (cache updated)
npm http fetch GET 200 https://registry.npmjs.org/ospath 763ms (cache revalidated)
npm http fetch GET 200 https://registry.npmjs.org/supports-color 774ms (cache revalidated)
npm http fetch GET 200 https://registry.npmjs.org/proxy-from-env 790ms (cache revalidated)
npm http fetch GET 200 https://registry.npmjs.org/dayjs 805ms (cache updated)
npm http fetch GET 200 https://registry.npmjs.org/tmp 804ms (cache revalidated)
npm http fetch GET 200 https://registry.npmjs.org/request-progress 806ms (cache revalidated)
npm http fetch GET 200 https://registry.npmjs.org/untildify 811ms (cache revalidated)
npm http fetch GET 200 https://registry.npmjs.org/semver 815ms (cache revalidated)
npm http fetch GET 200 https://registry.npmjs.org/yauzl 826ms (cache revalidated)
npm http fetch GET 200 https://registry.npmjs.org/@types%2fnode 1550ms (cache updated)
npm http fetch GET 200 https://registry.npmjs.org/listr2 1852ms (cache updated)
npm timing idealTree:#root Completed in 3580ms
npm http fetch GET 200 https://registry.npmjs.org/extend 260ms (cache revalidated)
npm http fetch GET 200 https://registry.npmjs.org/lodash.once 266ms (cache revalidated)
npm http fetch GET 200 https://registry.npmjs.org/http-signature 272ms (cache revalidated)
npm http fetch GET 200 https://registry.npmjs.org/safe-buffer 277ms (cache revalidated)
npm http fetch GET 200 https://registry.npmjs.org/tunnel-agent 276ms (cache revalidated)
npm http fetch GET 200 https://registry.npmjs.org/is-typedarray 290ms (cache revalidated)
npm http fetch GET 200 https://registry.npmjs.org/mime-types 288ms (cache revalidated)
npm http fetch GET 200 https://registry.npmjs.org/forever-agent 292ms (cache revalidated)
npm http fetch GET 200 https://registry.npmjs.org/form-data 292ms (cache revalidated)
npm http fetch GET 200 https://registry.npmjs.org/combined-stream 294ms (cache revalidated)
npm http fetch GET 200 https://registry.npmjs.org/json-stringify-safe 292ms (cache revalidated)
npm http fetch GET 200 https://registry.npmjs.org/aws-sign2 299ms (cache revalidated)
npm http fetch GET 200 https://registry.npmjs.org/caseless 300ms (cache revalidated)
npm http fetch GET 200 https://registry.npmjs.org/tough-cookie 294ms (cache revalidated)
npm http fetch GET 200 https://registry.npmjs.org/aws4 302ms (cache revalidated)
npm http fetch GET 200 https://registry.npmjs.org/qs 393ms (cache revalidated)
npm http fetch GET 200 https://registry.npmjs.org/ansi-styles 396ms (cache revalidated)
npm http fetch GET 200 https://registry.npmjs.org/isstream 410ms (cache revalidated)
npm http fetch GET 200 https://registry.npmjs.org/uuid 406ms (cache revalidated)
npm http fetch GET 200 https://registry.npmjs.org/base64-js 406ms (cache revalidated)
npm http fetch GET 200 https://registry.npmjs.org/restore-cursor 411ms (cache revalidated)
npm http fetch GET 200 https://registry.npmjs.org/ansi-colors 411ms (cache revalidated)
npm http fetch GET 200 https://registry.npmjs.org/cross-spawn 414ms (cache revalidated)
npm http fetch GET 200 https://registry.npmjs.org/ieee754 424ms (cache revalidated)
npm http fetch GET 200 https://registry.npmjs.org/performance-now 430ms (cache revalidated)
npm http fetch GET 200 https://registry.npmjs.org/ms 423ms (cache revalidated)
npm http fetch GET 200 https://registry.npmjs.org/@colors%2fcolors 432ms (cache revalidated)
npm http fetch GET 200 https://registry.npmjs.org/is-stream 430ms (cache revalidated)
npm http fetch GET 200 https://registry.npmjs.org/merge-stream 431ms (cache revalidated)
npm http fetch GET 200 https://registry.npmjs.org/get-stream 512ms (cache revalidated)
npm http fetch GET 200 https://registry.npmjs.org/signal-exit 510ms (cache revalidated)
npm http fetch GET 200 https://registry.npmjs.org/human-signals 516ms (cache updated)
npm http fetch GET 200 https://registry.npmjs.org/strip-final-newline 517ms (cache revalidated)
npm http fetch GET 200 https://registry.npmjs.org/npm-run-path 536ms (cache revalidated)
npm http fetch GET 200 https://registry.npmjs.org/get-stream 541ms (cache revalidated)
npm http fetch GET 200 https://registry.npmjs.org/onetime 551ms (cache revalidated)
npm http fetch GET 200 https://registry.npmjs.org/escape-string-regexp 554ms (cache revalidated)
npm http fetch GET 200 https://registry.npmjs.org/jsonfile 557ms (cache revalidated)
npm http fetch GET 200 https://registry.npmjs.org/graceful-fs 569ms (cache revalidated)
npm http fetch GET 200 https://registry.npmjs.org/universalify 570ms (cache revalidated)
npm http fetch GET 200 https://registry.npmjs.org/string-width 583ms (cache revalidated)
npm http fetch GET 200 https://registry.npmjs.org/at-least-node 576ms (cache revalidated)
npm http fetch GET 200 https://registry.npmjs.org/@types%2fyauzl 578ms (cache updated)
npm http fetch GET 200 https://registry.npmjs.org/async 588ms (cache revalidated)
npm http fetch GET 200 https://registry.npmjs.org/colorette 637ms (cache revalidated)
npm http fetch GET 200 https://registry.npmjs.org/ci-info 640ms (cache revalidated)
npm http fetch GET 200 https://registry.npmjs.org/global-dirs 640ms (cache revalidated)
npm http fetch GET 200 https://registry.npmjs.org/is-path-inside 643ms (cache revalidated)
npm http fetch GET 200 https://registry.npmjs.org/cli-truncate 663ms (cache revalidated)
npm http fetch GET 200 https://registry.npmjs.org/rfdc 672ms (cache revalidated)
npm http fetch GET 200 https://registry.npmjs.org/pify 689ms (cache revalidated)
npm http fetch GET 200 https://registry.npmjs.org/p-map 688ms (cache revalidated)
npm http fetch GET 200 https://registry.npmjs.org/wrap-ansi 707ms (cache revalidated)
npm http fetch GET 200 https://registry.npmjs.org/log-update 718ms (cache revalidated)
npm http fetch GET 200 https://registry.npmjs.org/through 717ms (cache revalidated)
npm http fetch GET 200 https://registry.npmjs.org/throttleit 718ms (cache revalidated)
npm http fetch GET 200 https://registry.npmjs.org/lru-cache 734ms (cache revalidated)
npm http fetch GET 200 https://registry.npmjs.org/buffer-crc32 748ms (cache revalidated)
npm http fetch GET 200 https://registry.npmjs.org/has-flag 751ms (cache revalidated)
npm http fetch GET 200 https://registry.npmjs.org/rimraf 750ms (cache revalidated)
npm http fetch GET 200 https://registry.npmjs.org/fd-slicer 757ms (cache revalidated)
npm http fetch GET 200 https://registry.npmjs.org/is-unicode-supported 813ms (cache revalidated)
npm http fetch GET 200 https://registry.npmjs.org/rxjs 1159ms (cache updated)
npm timing idealTree:node_modules/cypress Completed in 1242ms
npm http fetch GET 200 https://registry.npmjs.org/assert-plus 178ms (cache revalidated)
npm http fetch GET 200 https://registry.npmjs.org/psl 175ms (cache revalidated)
npm http fetch GET 200 https://registry.npmjs.org/punycode 190ms (cache revalidated)
npm http fetch GET 200 https://registry.npmjs.org/mime-db 193ms (cache revalidated)
npm http fetch GET 200 https://registry.npmjs.org/jsprim 197ms (cache revalidated)
npm http fetch GET 200 https://registry.npmjs.org/asynckit 198ms (cache revalidated)
npm http fetch GET 200 https://registry.npmjs.org/side-channel 199ms (cache revalidated)
npm http fetch GET 200 https://registry.npmjs.org/sshpk 202ms (cache revalidated)
npm http fetch GET 200 https://registry.npmjs.org/delayed-stream 210ms (cache revalidated)
npm timing idealTree:node_modules/@cypress/request Completed in 231ms
npm timing idealTree:node_modules/@cypress/xvfb Completed in 2ms
npm timing idealTree:node_modules/@types/node Completed in 0ms
npm timing idealTree:node_modules/@types/sinonjs__fake-timers Completed in 0ms
npm timing idealTree:node_modules/@types/sizzle Completed in 0ms
npm timing idealTree:node_modules/arch Completed in 0ms
npm timing idealTree:node_modules/aws-sign2 Completed in 0ms
npm timing idealTree:node_modules/aws4 Completed in 0ms
npm timing idealTree:node_modules/blob-util Completed in 0ms
npm timing idealTree:node_modules/bluebird Completed in 0ms
npm timing idealTree:node_modules/buffer Completed in 2ms
npm timing idealTree:node_modules/base64-js Completed in 0ms
npm timing idealTree:node_modules/cachedir Completed in 0ms
npm timing idealTree:node_modules/caseless Completed in 0ms
npm http fetch GET 200 https://registry.npmjs.org/color-convert 169ms (cache revalidated)
npm timing idealTree:node_modules/chalk Completed in 173ms
npm http fetch GET 200 https://registry.npmjs.org/color-name 181ms (cache revalidated)
npm timing idealTree:node_modules/ansi-styles Completed in 186ms
npm timing idealTree:node_modules/check-more-types Completed in 0ms
npm timing idealTree:node_modules/cli-cursor Completed in 3ms
npm http fetch GET 200 https://registry.npmjs.org/strip-ansi 168ms (cache revalidated)
npm http fetch GET 200 https://registry.npmjs.org/emoji-regex 170ms (cache revalidated)
npm http fetch GET 200 https://registry.npmjs.org/is-fullwidth-code-point 174ms (cache revalidated)
npm timing idealTree:node_modules/cli-table3 Completed in 178ms
npm timing idealTree:node_modules/@colors/colors Completed in 0ms
npm timing idealTree:node_modules/color-convert Completed in 1ms
npm timing idealTree:node_modules/color-name Completed in 0ms
npm timing idealTree:node_modules/combined-stream Completed in 1ms
npm timing idealTree:node_modules/commander Completed in 0ms
npm timing idealTree:node_modules/common-tags Completed in 0ms
npm timing idealTree:node_modules/dayjs Completed in 0ms
npm timing idealTree:node_modules/debug Completed in 1ms
npm timing idealTree:node_modules/delayed-stream Completed in 0ms
npm timing idealTree:node_modules/enquirer Completed in 1ms
npm timing idealTree:node_modules/ansi-colors Completed in 0ms
npm timing idealTree:node_modules/eventemitter2 Completed in 0ms
npm http fetch GET 200 https://registry.npmjs.org/which 167ms (cache updated)
npm http fetch GET 200 https://registry.npmjs.org/path-key 169ms (cache revalidated)
npm http fetch GET 200 https://registry.npmjs.org/path-key 179ms (cache revalidated)
npm http fetch GET 200 https://registry.npmjs.org/shebang-command 180ms (cache revalidated)
npm http fetch GET 200 https://registry.npmjs.org/pump 179ms (cache revalidated)
npm http fetch GET 200 https://registry.npmjs.org/mimic-fn 182ms (cache revalidated)
npm timing idealTree:node_modules/execa Completed in 194ms
npm http fetch GET 200 https://registry.npmjs.org/isexe 158ms (cache revalidated)
npm http fetch GET 200 https://registry.npmjs.org/shebang-regex 166ms (cache revalidated)
npm timing idealTree:node_modules/cross-spawn Completed in 169ms
npm timing idealTree:node_modules/executable Completed in 1ms
npm timing idealTree:node_modules/extend Completed in 0ms
npm timing idealTree:node_modules/extract-zip Completed in 1ms
npm timing idealTree:node_modules/@types/yauzl Completed in 1ms
npm timing idealTree:node_modules/figures Completed in 0ms
npm timing idealTree:node_modules/escape-string-regexp Completed in 0ms
npm timing idealTree:node_modules/forever-agent Completed in 0ms
npm timing idealTree:node_modules/form-data Completed in 0ms
npm timing idealTree:node_modules/asynckit Completed in 0ms
npm timing idealTree:node_modules/fs-extra Completed in 3ms
npm timing idealTree:node_modules/at-least-node Completed in 0ms
npm http fetch GET 200 https://registry.npmjs.org/once 161ms (cache revalidated)
npm http fetch GET 200 https://registry.npmjs.org/end-of-stream 163ms (cache revalidated)
npm timing idealTree:node_modules/get-stream Completed in 165ms
npm timing idealTree:node_modules/getos Completed in 2ms
npm timing idealTree:node_modules/async Completed in 0ms
npm timing idealTree:node_modules/graceful-fs Completed in 0ms
npm http fetch GET 200 https://registry.npmjs.org/ecc-jsbn 168ms (cache revalidated)
npm http fetch GET 200 https://registry.npmjs.org/asn1 174ms (cache revalidated)
npm http fetch GET 200 https://registry.npmjs.org/jsbn 173ms (cache revalidated)
npm http fetch GET 200 https://registry.npmjs.org/tweetnacl 179ms (cache revalidated)
npm http fetch GET 200 https://registry.npmjs.org/getpass 186ms (cache revalidated)
npm http fetch GET 200 https://registry.npmjs.org/dashdash 190ms (cache revalidated)
npm http fetch GET 200 https://registry.npmjs.org/json-schema 194ms (cache revalidated)
npm http fetch GET 200 https://registry.npmjs.org/extsprintf 195ms (cache revalidated)
npm http fetch GET 200 https://registry.npmjs.org/verror 196ms (cache revalidated)
npm http fetch GET 200 https://registry.npmjs.org/bcrypt-pbkdf 193ms (cache revalidated)
npm http fetch GET 200 https://registry.npmjs.org/safer-buffer 195ms (cache revalidated)
npm timing idealTree:node_modules/http-signature Completed in 202ms
npm timing idealTree:node_modules/assert-plus Completed in 0ms
npm timing idealTree:node_modules/human-signals Completed in 0ms
npm timing idealTree:node_modules/ieee754 Completed in 0ms
npm timing idealTree:node_modules/is-ci Completed in 1ms
npm timing idealTree:node_modules/ci-info Completed in 0ms
npm http fetch GET 200 https://registry.npmjs.org/ini 168ms (cache revalidated)
npm timing idealTree:node_modules/is-installed-globally Completed in 172ms
npm timing idealTree:node_modules/global-dirs Completed in 2ms
npm timing idealTree:node_modules/ini Completed in 0ms
npm timing idealTree:node_modules/is-path-inside Completed in 0ms
npm timing idealTree:node_modules/is-stream Completed in 0ms
npm timing idealTree:node_modules/is-typedarray Completed in 0ms
npm timing idealTree:node_modules/isstream Completed in 0ms
npm timing idealTree:node_modules/json-stringify-safe Completed in 0ms
npm timing idealTree:node_modules/jsonfile Completed in 0ms
npm http fetch GET 200 https://registry.npmjs.org/core-util-is 821ms (cache revalidated)
npm timing idealTree:node_modules/jsprim Completed in 825ms
npm timing idealTree:node_modules/extsprintf Completed in 1ms
npm timing idealTree:node_modules/json-schema Completed in 0ms
npm timing idealTree:node_modules/lazy-ass Completed in 0ms
npm http fetch GET 200 https://registry.npmjs.org/slice-ansi 165ms (cache revalidated)
npm http fetch GET 200 https://registry.npmjs.org/slice-ansi 171ms (cache revalidated)
npm http fetch GET 200 https://registry.npmjs.org/aggregate-error 178ms (cache revalidated)
npm http fetch GET 200 https://registry.npmjs.org/ansi-escapes 195ms (cache updated)
npm http fetch GET 200 https://registry.npmjs.org/tslib 210ms (cache updated)
npm timing idealTree:node_modules/listr2 Completed in 221ms
npm http fetch GET 200 https://registry.npmjs.org/astral-regex 170ms (cache revalidated)
npm timing idealTree:node_modules/cli-truncate Completed in 174ms
npm timing idealTree:node_modules/colorette Completed in 0ms
npm timing idealTree:node_modules/lodash Completed in 0ms
npm timing idealTree:node_modules/lodash.once Completed in 1ms
npm timing idealTree:node_modules/log-symbols Completed in 2ms
npm timing idealTree:node_modules/is-unicode-supported Completed in 0ms
npm http fetch GET 200 https://registry.npmjs.org/type-fest 423ms (cache updated)
npm timing idealTree:node_modules/log-update Completed in 429ms
npm timing idealTree:node_modules/ansi-escapes Completed in 1ms
npm timing idealTree:node_modules/merge-stream Completed in 0ms
npm timing idealTree:node_modules/mime-types Completed in 1ms
npm timing idealTree:node_modules/mime-db Completed in 0ms
npm timing idealTree:node_modules/minimist Completed in 0ms
npm timing idealTree:node_modules/ms Completed in 0ms
npm timing idealTree:node_modules/npm-run-path Completed in 0ms
npm timing idealTree:node_modules/onetime Completed in 1ms
npm timing idealTree:node_modules/mimic-fn Completed in 0ms
npm timing idealTree:node_modules/ospath Completed in 0ms
npm http fetch GET 200 https://registry.npmjs.org/indent-string 190ms (cache revalidated)
npm http fetch GET 200 https://registry.npmjs.org/clean-stack 330ms (cache updated)
npm timing idealTree:node_modules/p-map Completed in 332ms
npm timing idealTree:node_modules/aggregate-error Completed in 2ms
npm timing idealTree:node_modules/clean-stack Completed in 0ms
npm timing idealTree:node_modules/indent-string Completed in 0ms
npm timing idealTree:node_modules/path-key Completed in 0ms
npm timing idealTree:node_modules/performance-now Completed in 0ms
npm timing idealTree:node_modules/pify Completed in 0ms
npm timing idealTree:node_modules/pretty-bytes Completed in 0ms
npm timing idealTree:node_modules/proxy-from-env Completed in 0ms
npm http fetch GET 200 https://registry.npmjs.org/wrappy 169ms (cache revalidated)
npm timing idealTree:node_modules/pump Completed in 173ms
npm timing idealTree:node_modules/end-of-stream Completed in 0ms
npm timing idealTree:node_modules/once Completed in 4ms
npm http fetch GET 200 https://registry.npmjs.org/call-bind 179ms (cache revalidated)
npm http fetch GET 200 https://registry.npmjs.org/get-intrinsic 180ms (cache revalidated)
npm http fetch GET 200 https://registry.npmjs.org/object-inspect 180ms (cache revalidated)
npm timing idealTree:node_modules/qs Completed in 183ms
npm timing idealTree:node_modules/request-progress Completed in 1ms
npm timing idealTree:node_modules/restore-cursor Completed in 0ms
npm timing idealTree:node_modules/rfdc Completed in 0ms
npm timing idealTree:node_modules/rxjs Completed in 1ms
npm timing idealTree:node_modules/safe-buffer Completed in 0ms
npm http fetch GET 200 https://registry.npmjs.org/yallist 181ms (cache revalidated)
npm timing idealTree:node_modules/semver Completed in 183ms
npm timing idealTree:node_modules/lru-cache Completed in 2ms
npm timing idealTree:node_modules/shebang-command Completed in 2ms
npm timing idealTree:node_modules/shebang-regex Completed in 0ms
npm http fetch GET 200 https://registry.npmjs.org/function-bind 171ms (cache revalidated)
npm http fetch GET 200 https://registry.npmjs.org/has 171ms (cache revalidated)
npm http fetch GET 200 https://registry.npmjs.org/has-symbols 170ms (cache revalidated)
npm timing idealTree:node_modules/side-channel Completed in 175ms
npm timing idealTree:node_modules/call-bind Completed in 0ms
npm timing idealTree:node_modules/function-bind Completed in 0ms
npm timing idealTree:node_modules/get-intrinsic Completed in 2ms
npm timing idealTree:node_modules/has Completed in 0ms
npm timing idealTree:node_modules/has-symbols Completed in 0ms
npm timing idealTree:node_modules/object-inspect Completed in 0ms
npm timing idealTree:node_modules/signal-exit Completed in 0ms
npm timing idealTree:node_modules/slice-ansi Completed in 2ms
npm timing idealTree:node_modules/astral-regex Completed in 0ms
npm timing idealTree:node_modules/is-fullwidth-code-point Completed in 0ms
npm timing idealTree:node_modules/sshpk Completed in 6ms
npm timing idealTree:node_modules/asn1 Completed in 0ms
npm timing idealTree:node_modules/bcrypt-pbkdf Completed in 0ms
npm timing idealTree:node_modules/dashdash Completed in 0ms
npm timing idealTree:node_modules/ecc-jsbn Completed in 0ms
npm timing idealTree:node_modules/getpass Completed in 0ms
npm timing idealTree:node_modules/jsbn Completed in 0ms
npm timing idealTree:node_modules/safer-buffer Completed in 0ms
npm http fetch GET 200 https://registry.npmjs.org/ansi-regex 167ms (cache revalidated)
npm timing idealTree:node_modules/string-width Completed in 170ms
npm timing idealTree:node_modules/emoji-regex Completed in 0ms
npm timing idealTree:node_modules/strip-ansi Completed in 1ms
npm timing idealTree:node_modules/ansi-regex Completed in 0ms
npm timing idealTree:node_modules/strip-final-newline Completed in 1ms
npm timing idealTree:node_modules/supports-color Completed in 2ms
npm timing idealTree:node_modules/has-flag Completed in 0ms
npm timing idealTree:node_modules/throttleit Completed in 0ms
npm timing idealTree:node_modules/through Completed in 0ms
npm http fetch GET 200 https://registry.npmjs.org/glob 170ms (cache revalidated)
npm timing idealTree:node_modules/tmp Completed in 175ms
npm http fetch GET 200 https://registry.npmjs.org/path-is-absolute 161ms (cache revalidated)
npm http fetch GET 200 https://registry.npmjs.org/fs.realpath 172ms (cache revalidated)
npm http fetch GET 200 https://registry.npmjs.org/inflight 171ms (cache revalidated)
npm http fetch GET 200 https://registry.npmjs.org/minimatch 173ms (cache revalidated)
npm http fetch GET 200 https://registry.npmjs.org/inherits 179ms (cache revalidated)
npm timing idealTree:node_modules/rimraf Completed in 182ms
npm http fetch GET 200 https://registry.npmjs.org/brace-expansion 170ms (cache revalidated)
npm timing idealTree:node_modules/glob Completed in 175ms
npm timing idealTree:node_modules/fs.realpath Completed in 0ms
npm timing idealTree:node_modules/inflight Completed in 0ms
npm timing idealTree:node_modules/inherits Completed in 0ms
npm http fetch GET 200 https://registry.npmjs.org/balanced-match 166ms (cache revalidated)
npm http fetch GET 200 https://registry.npmjs.org/concat-map 169ms (cache revalidated)
npm timing idealTree:node_modules/minimatch Completed in 173ms
npm timing idealTree:node_modules/brace-expansion Completed in 5ms
npm timing idealTree:node_modules/balanced-match Completed in 0ms
npm timing idealTree:node_modules/concat-map Completed in 0ms
npm timing idealTree:node_modules/path-is-absolute Completed in 0ms
npm timing idealTree:node_modules/tough-cookie Completed in 1ms
npm timing idealTree:node_modules/psl Completed in 0ms
npm timing idealTree:node_modules/punycode Completed in 0ms
npm timing idealTree:node_modules/tslib Completed in 0ms
npm timing idealTree:node_modules/tunnel-agent Completed in 0ms
npm timing idealTree:node_modules/tweetnacl Completed in 0ms
npm timing idealTree:node_modules/type-fest Completed in 0ms
npm timing idealTree:node_modules/universalify Completed in 0ms
npm timing idealTree:node_modules/untildify Completed in 0ms
npm timing idealTree:node_modules/uuid Completed in 0ms
npm timing idealTree:node_modules/verror Completed in 0ms
npm timing idealTree:node_modules/core-util-is Completed in 0ms
npm timing idealTree:node_modules/which Completed in 1ms
npm timing idealTree:node_modules/isexe Completed in 0ms
npm timing idealTree:node_modules/wrap-ansi Completed in 0ms
npm timing idealTree:node_modules/wrappy Completed in 0ms
npm timing idealTree:node_modules/yallist Completed in 0ms
npm http fetch GET 200 https://registry.npmjs.org/pend 169ms (cache revalidated)
npm timing idealTree:node_modules/yauzl Completed in 172ms
npm timing idealTree:node_modules/buffer-crc32 Completed in 0ms
npm timing idealTree:node_modules/fd-slicer Completed in 2ms
npm timing idealTree:node_modules/pend Completed in 1ms
npm timing idealTree:node_modules/@cypress/xvfb/node_modules/debug Completed in 0ms
npm timing idealTree:node_modules/chalk/node_modules/supports-color Completed in 0ms
npm timing idealTree:node_modules/log-update/node_modules/slice-ansi Completed in 0ms
npm timing idealTree:node_modules/log-update/node_modules/wrap-ansi Completed in 0ms
npm timing idealTree:buildDeps Completed in 10316ms
npm timing idealTree:fixDepFlags Completed in 1ms
npm timing idealTree Completed in 10333ms
npm timing reify:loadTrees Completed in 10333ms
npm timing reify:diffTrees Completed in 2ms
npm timing reify:retireShallow Completed in 1ms
npm timing reify:createSparse Completed in 55ms
npm timing reify:loadBundles Completed in 0ms
npm http fetch POST 200 https://registry.npmjs.org/-/npm/v1/security/advisories/bulk 372ms
npm timing auditReport:getReport Completed in 378ms
npm timing auditReport:init Completed in 0ms
npm timing reify:audit Completed in 379ms
npm timing reifyNode:node_modules/path-is-absolute Completed in 459ms
npm timing reifyNode:node_modules/inflight Completed in 459ms
npm timing reifyNode:node_modules/brace-expansion Completed in 460ms
npm timing reifyNode:node_modules/buffer-crc32 Completed in 460ms
npm timing reifyNode:node_modules/wrappy Completed in 460ms
npm timing reifyNode:node_modules/once Completed in 461ms
npm timing reifyNode:node_modules/end-of-stream Completed in 461ms
npm timing reifyNode:node_modules/slice-ansi Completed in 461ms
npm timing reifyNode:node_modules/wrap-ansi Completed in 462ms
npm timing reifyNode:node_modules/universalify Completed in 463ms
npm timing reifyNode:node_modules/ini Completed in 463ms
npm timing reifyNode:node_modules/escape-string-regexp Completed in 462ms
npm timing reifyNode:node_modules/at-least-node Completed in 463ms
npm timing reifyNode:node_modules/shebang-command Completed in 462ms
npm timing reifyNode:node_modules/pify Completed in 462ms
npm timing reifyNode:node_modules/@types/yauzl Completed in 463ms
npm timing reifyNode:node_modules/strip-final-newline Completed in 463ms
npm timing reifyNode:node_modules/merge-stream Completed in 463ms
npm timing reifyNode:node_modules/ms Completed in 464ms
npm timing reifyNode:node_modules/color-name Completed in 464ms
npm timing reifyNode:node_modules/lodash.once Completed in 464ms
npm timing reifyNode:node_modules/executable Completed in 464ms
npm timing reifyNode:node_modules/@types/sizzle Completed in 463ms
npm timing reifyNode:node_modules/log-update/node_modules/slice-ansi Completed in 467ms
npm timing reifyNode:node_modules/log-update/node_modules/wrap-ansi Completed in 467ms
npm timing reifyNode:node_modules/@types/sinonjs__fake-timers Completed in 465ms
npm timing reifyNode:node_modules/@cypress/xvfb Completed in 466ms
npm timing reifyNode:node_modules/lru-cache Completed in 470ms
npm timing reifyNode:node_modules/tunnel-agent Completed in 471ms
npm timing reifyNode:node_modules/forever-agent Completed in 472ms
npm timing reifyNode:node_modules/aws-sign2 Completed in 472ms
npm timing reifyNode:node_modules/minimatch Completed in 479ms
npm timing reifyNode:node_modules/pend Completed in 488ms
npm timing reifyNode:node_modules/inherits Completed in 488ms
npm timing reifyNode:node_modules/strip-ansi Completed in 488ms
npm timing reifyNode:node_modules/has-flag Completed in 488ms
npm timing reifyNode:node_modules/ansi-regex Completed in 489ms
npm timing reifyNode:node_modules/is-fullwidth-code-point Completed in 489ms
npm timing reifyNode:node_modules/astral-regex Completed in 490ms
npm timing reifyNode:node_modules/shebang-regex Completed in 489ms
npm timing reifyNode:node_modules/indent-string Completed in 489ms
npm timing reifyNode:node_modules/clean-stack Completed in 490ms
npm timing reifyNode:node_modules/aggregate-error Completed in 490ms
npm timing reifyNode:node_modules/is-unicode-supported Completed in 490ms
npm timing reifyNode:node_modules/mimic-fn Completed in 490ms
npm timing reifyNode:node_modules/p-map Completed in 491ms
npm timing reifyNode:node_modules/cli-truncate Completed in 491ms
npm timing reifyNode:node_modules/is-path-inside Completed in 491ms
npm timing reifyNode:node_modules/global-dirs Completed in 492ms
npm timing reifyNode:node_modules/log-update Completed in 492ms
npm timing reifyNode:node_modules/assert-plus Completed in 492ms
npm timing reifyNode:node_modules/is-stream Completed in 491ms
npm timing reifyNode:node_modules/path-key Completed in 492ms
npm timing reifyNode:node_modules/onetime Completed in 492ms
npm timing reifyNode:node_modules/signal-exit Completed in 492ms
npm timing reifyNode:node_modules/npm-run-path Completed in 493ms
npm timing reifyNode:node_modules/restore-cursor Completed in 493ms
npm timing reifyNode:node_modules/string-width Completed in 493ms
npm timing reifyNode:node_modules/ieee754 Completed in 493ms
npm timing reifyNode:node_modules/caseless Completed in 493ms
npm timing reifyNode:node_modules/is-typedarray Completed in 493ms
npm timing reifyNode:node_modules/untildify Completed in 493ms
npm timing reifyNode:node_modules/supports-color Completed in 493ms
npm timing reifyNode:node_modules/ospath Completed in 493ms
npm timing reifyNode:node_modules/pretty-bytes Completed in 493ms
npm timing reifyNode:node_modules/is-installed-globally Completed in 494ms
npm timing reifyNode:node_modules/figures Completed in 494ms
npm timing reifyNode:node_modules/cli-cursor Completed in 493ms
npm timing reifyNode:node_modules/chalk/node_modules/supports-color Completed in 494ms
npm timing reifyNode:node_modules/yauzl Completed in 495ms
npm timing reifyNode:node_modules/balanced-match Completed in 499ms
npm timing reifyNode:node_modules/fs.realpath Completed in 499ms
npm timing reifyNode:node_modules/yallist Completed in 499ms
npm timing reifyNode:node_modules/ansi-escapes Completed in 499ms
npm timing reifyNode:node_modules/mime-types Completed in 498ms
npm timing reifyNode:node_modules/ansi-styles Completed in 499ms
npm timing reifyNode:node_modules/combined-stream Completed in 499ms
npm timing reifyNode:node_modules/has Completed in 505ms
npm timing reifyNode:node_modules/bcrypt-pbkdf Completed in 505ms
npm timing reifyNode:node_modules/punycode Completed in 505ms
npm timing reifyNode:node_modules/safe-buffer Completed in 505ms
npm timing reifyNode:node_modules/json-schema Completed in 507ms
npm timing reifyNode:node_modules/base64-js Completed in 513ms
npm timing reifyNode:node_modules/is-ci Completed in 513ms
npm timing reifyNode:node_modules/log-symbols Completed in 514ms
npm timing reifyNode:node_modules/extract-zip Completed in 514ms
npm timing reifyNode:node_modules/cachedir Completed in 513ms
npm timing reifyNode:node_modules/tmp Completed in 514ms
npm timing reifyNode:node_modules/arch Completed in 513ms
npm timing reifyNode:node_modules/rimraf Completed in 518ms
npm timing reifyNode:node_modules/getpass Completed in 518ms
npm timing reifyNode:node_modules/colorette Completed in 519ms
npm timing reifyNode:node_modules/jsonfile Completed in 519ms
npm timing reifyNode:node_modules/delayed-stream Completed in 518ms
npm timing reifyNode:node_modules/get-stream Completed in 518ms
npm timing reifyNode:node_modules/which Completed in 519ms
npm timing reifyNode:node_modules/core-util-is Completed in 523ms
npm timing reifyNode:node_modules/ansi-colors Completed in 523ms
npm timing reifyNode:node_modules/glob Completed in 527ms
npm timing reifyNode:node_modules/jsprim Completed in 527ms
npm timing reifyNode:node_modules/pump Completed in 531ms
npm timing reifyNode:node_modules/graceful-fs Completed in 531ms
npm timing reifyNode:node_modules/ci-info Completed in 535ms
npm timing reifyNode:node_modules/color-convert Completed in 534ms
npm timing reifyNode:node_modules/eventemitter2 Completed in 535ms
npm timing reifyNode:node_modules/buffer Completed in 534ms
npm timing reifyNode:node_modules/concat-map Completed in 538ms
npm timing reifyNode:node_modules/safer-buffer Completed in 539ms
npm timing reifyNode:node_modules/aws4 Completed in 537ms
npm timing reifyNode:node_modules/debug Completed in 538ms
npm timing reifyNode:node_modules/jsbn Completed in 542ms
npm timing reifyNode:node_modules/verror Completed in 542ms
npm timing reifyNode:node_modules/dashdash Completed in 543ms
npm timing reifyNode:node_modules/commander Completed in 541ms
npm timing reifyNode:node_modules/chalk Completed in 541ms
npm timing reifyNode:node_modules/isstream Completed in 545ms
npm timing reifyNode:node_modules/proxy-from-env Completed in 545ms
npm timing reifyNode:node_modules/lazy-ass Completed in 546ms
npm timing reifyNode:node_modules/isexe Completed in 550ms
npm timing reifyNode:node_modules/check-more-types Completed in 546ms
npm timing reifyNode:node_modules/fd-slicer Completed in 554ms
npm timing reifyNode:node_modules/emoji-regex Completed in 553ms
npm timing reifyNode:node_modules/ecc-jsbn Completed in 554ms
npm timing reifyNode:node_modules/throttleit Completed in 556ms
npm timing reifyNode:node_modules/mime-db Completed in 558ms
npm timing reifyNode:node_modules/extsprintf Completed in 560ms
npm timing reifyNode:node_modules/request-progress Completed in 560ms
npm timing reifyNode:node_modules/json-stringify-safe Completed in 564ms
npm timing reifyNode:node_modules/http-signature Completed in 568ms
npm timing reifyNode:node_modules/rfdc Completed in 572ms
npm timing reifyNode:node_modules/get-intrinsic Completed in 572ms
npm timing reifyNode:node_modules/extend Completed in 571ms
npm timing reifyNode:node_modules/form-data Completed in 571ms
npm timing reifyNode:node_modules/blob-util Completed in 571ms
npm timing reifyNode:node_modules/@cypress/xvfb/node_modules/debug Completed in 572ms
npm timing reifyNode:node_modules/cross-spawn Completed in 578ms
npm timing reifyNode:node_modules/side-channel Completed in 580ms
npm timing reifyNode:node_modules/asn1 Completed in 583ms
npm timing reifyNode:node_modules/tough-cookie Completed in 583ms
npm timing reifyNode:node_modules/through Completed in 587ms
npm timing reifyNode:node_modules/cli-table3 Completed in 588ms
npm timing reifyNode:node_modules/execa Completed in 589ms
npm timing reifyNode:node_modules/function-bind Completed in 593ms
npm timing reifyNode:node_modules/call-bind Completed in 596ms
npm timing reifyNode:node_modules/tslib Completed in 598ms
npm timing reifyNode:node_modules/human-signals Completed in 599ms
npm timing reifyNode:node_modules/has-symbols Completed in 608ms
npm timing reifyNode:node_modules/tweetnacl Completed in 609ms
npm timing reifyNode:node_modules/psl Completed in 619ms
npm timing reifyNode:node_modules/@cypress/request Completed in 619ms
npm timing reifyNode:node_modules/performance-now Completed in 623ms
npm timing reifyNode:node_modules/asynckit Completed in 632ms
npm timing reifyNode:node_modules/qs Completed in 639ms
npm timing reifyNode:node_modules/@colors/colors Completed in 646ms
npm timing reifyNode:node_modules/minimist Completed in 651ms
npm timing reifyNode:node_modules/object-inspect Completed in 686ms
npm timing reifyNode:node_modules/fs-extra Completed in 701ms
npm timing reifyNode:node_modules/sshpk Completed in 703ms
npm timing reifyNode:node_modules/getos Completed in 709ms
npm timing reifyNode:node_modules/type-fest Completed in 719ms
npm timing reifyNode:node_modules/enquirer Completed in 726ms
npm timing reifyNode:node_modules/semver Completed in 730ms
npm timing reifyNode:node_modules/bluebird Completed in 738ms
npm timing reifyNode:node_modules/uuid Completed in 765ms
npm timing reifyNode:node_modules/listr2 Completed in 770ms
npm http fetch GET 200 https://registry.npmjs.org/@types/node/-/node-14.18.42.tgz 784ms (cache miss)
npm timing reifyNode:node_modules/@types/node Completed in 843ms
npm timing reifyNode:node_modules/common-tags Completed in 858ms
npm timing reifyNode:node_modules/async Completed in 881ms
npm timing reifyNode:node_modules/dayjs Completed in 1199ms
npm http fetch GET 200 https://registry.npmjs.org/cypress/-/cypress-12.9.0.tgz 1481ms (cache miss)
npm timing reifyNode:node_modules/cypress Completed in 1540ms
npm timing reifyNode:node_modules/lodash Completed in 1670ms
npm timing reifyNode:node_modules/rxjs Completed in 2634ms
npm timing reify:unpack Completed in 2636ms
npm timing reify:unretire Completed in 0ms
npm timing build:queue Completed in 5ms
npm timing build:link:node_modules/extract-zip Completed in 12ms
npm timing build:link:node_modules/cypress Completed in 12ms
npm timing build:link:node_modules/is-ci Completed in 11ms
npm timing build:link:node_modules/rimraf Completed in 11ms
npm timing build:link:node_modules/semver Completed in 11ms
npm timing build:link:node_modules/sshpk Completed in 11ms
npm timing build:link:node_modules/uuid Completed in 11ms
npm timing build:link:node_modules/which Completed in 11ms
npm timing build:link Completed in 12ms
npm info run cypress@12.9.0 postinstall node_modules/cypress node index.js --exec install
npm info run cypress@12.9.0 postinstall { code: 0, signal: null }
npm timing build:run:postinstall:node_modules/cypress Completed in 1523ms
npm timing build:run:postinstall Completed in 1524ms
npm timing build:deps Completed in 1541ms
npm timing build Completed in 1541ms
npm timing reify:build Completed in 1541ms
npm timing reify:trash Completed in 0ms
npm timing reify:save Completed in 49ms
npm timing reify Completed in 14648ms

added 172 packages, and audited 173 packages in 15s

35 packages are looking for funding
  run `npm fund` for details

found 0 vulnerabilities
npm timing command:install Completed in 14658ms
npm verb exit 0
npm timing npm Completed in 14853ms
npm info ok 
